[2025-12-17T04:16:15.717992200] ThreadPool Stats: PoolSize=10, Active=10, Queue=0, Completed=3, TotalTasks=13, Failed=0, AvgTime=79ms
[2025-12-17T04:26:24.148498300] Статистика потоков: Размер пула=11, Активные=10, В очереди=0, Выполнено=12, Всего задач=22, Ошибок=0, Среднее время=107мс

================================================================================
ФИНАЛЬНАЯ СТАТИСТИКА
Время завершения: 2025-12-17T04:26:24.149498
Всего задач выполнено: 12
Задач с ошибками: 0
Среднее время обработки: 107мс
================================================================================
[2025-12-17T04:29:58.971670700] Статистика потоков: Размер пула=11, Активные=10, В очереди=0, Выполнено=4, Всего задач=14, Ошибок=0, Среднее время=143мс

================================================================================
ФИНАЛЬНАЯ СТАТИСТИКА
Время завершения: 2025-12-17T04:29:58.973520800
Всего задач выполнено: 4
Задач с ошибками: 0
Среднее время обработки: 143мс
================================================================================
[2025-12-17T04:31:16.305301200] Статистика потоков: Размер пула=11, Активные=10, В очереди=0, Выполнено=5, Всего задач=15, Ошибок=0, Среднее время=171мс

================================================================================
ФИНАЛЬНАЯ СТАТИСТИКА
Время завершения: 2025-12-17T04:31:16.306303500
Всего задач выполнено: 5
Задач с ошибками: 0
Среднее время обработки: 171мс
================================================================================
[2025-12-17T04:36:57.035864800] Статистика потоков: Размер пула=10, Активные=2, В очереди=0, Выполнено=0, Всего задач=3, Ошибок=0, Среднее время=0мс

================================================================================
ФИНАЛЬНАЯ СТАТИСТИКА
Время завершения: 2025-12-17T04:36:57.045839900
Всего задач выполнено: 0
Задач с ошибками: 0
Среднее время обработки: 0мс
================================================================================
[2025-12-17T04:36:57.749509800] Статистика потоков: Размер пула=0, Активные=0, В очереди=0, Выполнено=3, Всего задач=3, Ошибок=0, Среднее время=217мс

================================================================================
ФИНАЛЬНАЯ СТАТИСТИКА
Время завершения: 2025-12-17T04:36:57.750018800
Всего задач выполнено: 3
Задач с ошибками: 0
Среднее время обработки: 217мс
================================================================================
[2025-12-17T04:36:57.979371300] Статистика потоков: Размер пула=10, Активные=0, В очереди=0, Выполнено=1, Всего задач=1, Ошибок=0, Среднее время=0мс

================================================================================
ФИНАЛЬНАЯ СТАТИСТИКА
Время завершения: 2025-12-17T04:36:57.979371300
Всего задач выполнено: 1
Задач с ошибками: 0
Среднее время обработки: 0мс
================================================================================
[2025-12-17T04:36:58.148602500] Статистика потоков: Размер пула=10, Активные=0, В очереди=0, Выполнено=10, Всего задач=10, Ошибок=0, Среднее время=61мс

================================================================================
ФИНАЛЬНАЯ СТАТИСТИКА
Время завершения: 2025-12-17T04:36:58.150103800
Всего задач выполнено: 10
Задач с ошибками: 0
Среднее время обработки: 61мс
================================================================================
[2025-12-17T04:37:00.266950900] Статистика потоков: Размер пула=10, Активные=0, В очереди=0, Выполнено=0, Всего задач=0, Ошибок=0, Среднее время=0мс

================================================================================
ФИНАЛЬНАЯ СТАТИСТИКА
Время завершения: 2025-12-17T04:37:00.268456800
Всего задач выполнено: 0
Задач с ошибками: 0
Среднее время обработки: 0мс
================================================================================
[2025-12-17T04:37:00.388662200] Статистика потоков: Размер пула=10, Активные=0, В очереди=0, Выполнено=0, Всего задач=0, Ошибок=0, Среднее время=0мс

================================================================================
ФИНАЛЬНАЯ СТАТИСТИКА
Время завершения: 2025-12-17T04:37:00.389717500
Всего задач выполнено: 0
Задач с ошибками: 0
Среднее время обработки: 0мс
================================================================================
[2025-12-17T04:37:00.510130200] Статистика потоков: Размер пула=10, Активные=0, В очереди=0, Выполнено=0, Всего задач=0, Ошибок=0, Среднее время=0мс

================================================================================
ФИНАЛЬНАЯ СТАТИСТИКА
Время завершения: 2025-12-17T04:37:00.511131900
Всего задач выполнено: 0
Задач с ошибками: 0
Среднее время обработки: 0мс
================================================================================
[2025-12-17T04:37:00.620197300] Статистика потоков: Размер пула=10, Активные=0, В очереди=0, Выполнено=1, Всего задач=1, Ошибок=1, Среднее время=1мс

================================================================================
ФИНАЛЬНАЯ СТАТИСТИКА
Время завершения: 2025-12-17T04:37:00.620710400
Всего задач выполнено: 0
Задач с ошибками: 1
Среднее время обработки: 1мс
================================================================================
[2025-12-17T04:37:00.741286700] Статистика потоков: Размер пула=10, Активные=0, В очереди=0, Выполнено=1, Всего задач=1, Ошибок=0, Среднее время=1мс

================================================================================
ФИНАЛЬНАЯ СТАТИСТИКА
Время завершения: 2025-12-17T04:37:00.742357400
Всего задач выполнено: 1
Задач с ошибками: 0
Среднее время обработки: 1мс
================================================================================
[2025-12-17T04:37:01.360718900] Статистика потоков: Размер пула=10, Активные=1, В очереди=0, Выполнено=9, Всего задач=10, Ошибок=0, Среднее время=460мс

================================================================================
ФИНАЛЬНАЯ СТАТИСТИКА
Время завершения: 2025-12-17T04:37:01.361666100
Всего задач выполнено: 9
Задач с ошибками: 0
Среднее время обработки: 460мс
================================================================================
[2025-12-17T04:37:01.363133500] Статистика потоков: Размер пула=10, Активные=0, В очереди=0, Выполнено=0, Всего задач=0, Ошибок=0, Среднее время=0мс

================================================================================
ФИНАЛЬНАЯ СТАТИСТИКА
Время завершения: 2025-12-17T04:37:01.364614
Всего задач выполнено: 0
Задач с ошибками: 0
Среднее время обработки: 0мс
================================================================================
[2025-12-17T04:39:23.123891300] Статистика потоков: Размер пула=10, Активные=3, В очереди=0, Выполнено=0, Всего задач=3, Ошибок=0, Среднее время=0мс

================================================================================
ФИНАЛЬНАЯ СТАТИСТИКА
Время завершения: 2025-12-17T04:39:23.132288300
Всего задач выполнено: 0
Задач с ошибками: 0
Среднее время обработки: 0мс
================================================================================
[2025-12-17T04:39:23.845447900] Статистика потоков: Размер пула=0, Активные=0, В очереди=0, Выполнено=3, Всего задач=3, Ошибок=0, Среднее время=214мс

================================================================================
ФИНАЛЬНАЯ СТАТИСТИКА
Время завершения: 2025-12-17T04:39:23.845447900
Всего задач выполнено: 3
Задач с ошибками: 0
Среднее время обработки: 214мс
================================================================================
[2025-12-17T04:39:24.074937500] Статистика потоков: Размер пула=10, Активные=0, В очереди=0, Выполнено=1, Всего задач=1, Ошибок=0, Среднее время=0мс

================================================================================
ФИНАЛЬНАЯ СТАТИСТИКА
Время завершения: 2025-12-17T04:39:24.075937600
Всего задач выполнено: 1
Задач с ошибками: 0
Среднее время обработки: 0мс
================================================================================
[2025-12-17T04:39:24.258739500] Статистика потоков: Размер пула=10, Активные=0, В очереди=0, Выполнено=10, Всего задач=10, Ошибок=0, Среднее время=61мс

================================================================================
ФИНАЛЬНАЯ СТАТИСТИКА
Время завершения: 2025-12-17T04:39:24.259241700
Всего задач выполнено: 10
Задач с ошибками: 0
Среднее время обработки: 61мс
================================================================================
[2025-12-17T04:39:26.376650600] Статистика потоков: Размер пула=10, Активные=0, В очереди=0, Выполнено=0, Всего задач=0, Ошибок=0, Среднее время=0мс

================================================================================
ФИНАЛЬНАЯ СТАТИСТИКА
Время завершения: 2025-12-17T04:39:26.377650600
Всего задач выполнено: 0
Задач с ошибками: 0
Среднее время обработки: 0мс
================================================================================
[2025-12-17T04:39:26.499587300] Статистика потоков: Размер пула=10, Активные=0, В очереди=0, Выполнено=0, Всего задач=0, Ошибок=0, Среднее время=0мс

================================================================================
ФИНАЛЬНАЯ СТАТИСТИКА
Время завершения: 2025-12-17T04:39:26.499587300
Всего задач выполнено: 0
Задач с ошибками: 0
Среднее время обработки: 0мс
================================================================================
[2025-12-17T04:39:26.607749300] Статистика потоков: Размер пула=10, Активные=0, В очереди=0, Выполнено=0, Всего задач=0, Ошибок=0, Среднее время=0мс

================================================================================
ФИНАЛЬНАЯ СТАТИСТИКА
Время завершения: 2025-12-17T04:39:26.608749
Всего задач выполнено: 0
Задач с ошибками: 0
Среднее время обработки: 0мс
================================================================================
[2025-12-17T04:39:26.720151900] Статистика потоков: Размер пула=10, Активные=0, В очереди=0, Выполнено=1, Всего задач=1, Ошибок=1, Среднее время=1мс

================================================================================
ФИНАЛЬНАЯ СТАТИСТИКА
Время завершения: 2025-12-17T04:39:26.720151900
Всего задач выполнено: 0
Задач с ошибками: 1
Среднее время обработки: 1мс
================================================================================
[2025-12-17T04:39:26.842868900] Статистика потоков: Размер пула=10, Активные=0, В очереди=0, Выполнено=1, Всего задач=1, Ошибок=0, Среднее время=0мс

================================================================================
ФИНАЛЬНАЯ СТАТИСТИКА
Время завершения: 2025-12-17T04:39:26.842868900
Всего задач выполнено: 1
Задач с ошибками: 0
Среднее время обработки: 0мс
================================================================================
[2025-12-17T04:39:27.462028200] Статистика потоков: Размер пула=10, Активные=0, В очереди=0, Выполнено=10, Всего задач=10, Ошибок=0, Среднее время=511мс

================================================================================
ФИНАЛЬНАЯ СТАТИСТИКА
Время завершения: 2025-12-17T04:39:27.463028200
Всего задач выполнено: 10
Задач с ошибками: 0
Среднее время обработки: 511мс
================================================================================
[2025-12-17T04:39:27.463028200] Статистика потоков: Размер пула=10, Активные=0, В очереди=0, Выполнено=0, Всего задач=0, Ошибок=0, Среднее время=0мс

================================================================================
ФИНАЛЬНАЯ СТАТИСТИКА
Время завершения: 2025-12-17T04:39:27.464530400
Всего задач выполнено: 0
Задач с ошибками: 0
Среднее время обработки: 0мс
================================================================================
[2025-12-17T04:39:47.484778] Статистика потоков: Размер пула=10, Активные=3, В очереди=0, Выполнено=0, Всего задач=3, Ошибок=0, Среднее время=0мс

================================================================================
ФИНАЛЬНАЯ СТАТИСТИКА
Время завершения: 2025-12-17T04:39:47.494281800
Всего задач выполнено: 0
Задач с ошибками: 0
Среднее время обработки: 0мс
================================================================================
[2025-12-17T04:39:48.201806200] Статистика потоков: Размер пула=0, Активные=0, В очереди=0, Выполнено=3, Всего задач=3, Ошибок=0, Среднее время=214мс

================================================================================
ФИНАЛЬНАЯ СТАТИСТИКА
Время завершения: 2025-12-17T04:39:48.201806200
Всего задач выполнено: 3
Задач с ошибками: 0
Среднее время обработки: 214мс
================================================================================
[2025-12-17T04:39:48.430820800] Статистика потоков: Размер пула=10, Активные=0, В очереди=0, Выполнено=1, Всего задач=1, Ошибок=0, Среднее время=0мс

================================================================================
ФИНАЛЬНАЯ СТАТИСТИКА
Время завершения: 2025-12-17T04:39:48.430820800
Всего задач выполнено: 1
Задач с ошибками: 0
Среднее время обработки: 0мс
================================================================================
[2025-12-17T04:39:48.602439200] Статистика потоков: Размер пула=10, Активные=0, В очереди=0, Выполнено=10, Всего задач=10, Ошибок=0, Среднее время=61мс

================================================================================
ФИНАЛЬНАЯ СТАТИСТИКА
Время завершения: 2025-12-17T04:39:48.603441400
Всего задач выполнено: 10
Задач с ошибками: 0
Среднее время обработки: 61мс
================================================================================
[2025-12-17T04:39:48.709818900] Статистика потоков: Размер пула=10, Активные=0, В очереди=0, Выполнено=0, Всего задач=0, Ошибок=0, Среднее время=0мс

================================================================================
ФИНАЛЬНАЯ СТАТИСТИКА
Время завершения: 2025-12-17T04:39:48.709818900
Всего задач выполнено: 0
Задач с ошибками: 0
Среднее время обработки: 0мс
================================================================================
[2025-12-17T04:39:48.818568200] Статистика потоков: Размер пула=10, Активные=0, В очереди=0, Выполнено=0, Всего задач=0, Ошибок=0, Среднее время=0мс

================================================================================
ФИНАЛЬНАЯ СТАТИСТИКА
Время завершения: 2025-12-17T04:39:48.818568200
Всего задач выполнено: 0
Задач с ошибками: 0
Среднее время обработки: 0мс
================================================================================
[2025-12-17T04:39:48.928222900] Статистика потоков: Размер пула=10, Активные=0, В очереди=0, Выполнено=1, Всего задач=1, Ошибок=1, Среднее время=1мс

================================================================================
ФИНАЛЬНАЯ СТАТИСТИКА
Время завершения: 2025-12-17T04:39:48.929725400
Всего задач выполнено: 0
Задач с ошибками: 1
Среднее время обработки: 1мс
================================================================================
[2025-12-17T04:39:49.034531100] Статистика потоков: Размер пула=10, Активные=0, В очереди=0, Выполнено=1, Всего задач=1, Ошибок=0, Среднее время=0мс

================================================================================
ФИНАЛЬНАЯ СТАТИСТИКА
Время завершения: 2025-12-17T04:39:49.035532600
Всего задач выполнено: 1
Задач с ошибками: 0
Среднее время обработки: 0мс
================================================================================
[2025-12-17T04:39:49.657626800] Статистика потоков: Размер пула=10, Активные=0, В очереди=0, Выполнено=10, Всего задач=10, Ошибок=0, Среднее время=514мс

================================================================================
ФИНАЛЬНАЯ СТАТИСТИКА
Время завершения: 2025-12-17T04:39:49.657626800
Всего задач выполнено: 10
Задач с ошибками: 0
Среднее время обработки: 514мс
================================================================================
[2025-12-17T04:39:49.658627700] Статистика потоков: Размер пула=10, Активные=0, В очереди=0, Выполнено=0, Всего задач=0, Ошибок=0, Среднее время=0мс

================================================================================
ФИНАЛЬНАЯ СТАТИСТИКА
Время завершения: 2025-12-17T04:39:49.658627700
Всего задач выполнено: 0
Задач с ошибками: 0
Среднее время обработки: 0мс
================================================================================
